C:\Users\MLewis\Desktop\LaunchCode\CoderGirl 2020\Capstone Project\App-PoGoBattleHelper\PoGoBattleHelper\pokemongo-json-pokedex\lib\src\app.settings.js
C:\Users\MLewis\Desktop\LaunchCode\CoderGirl 2020\Capstone Project\App-PoGoBattleHelper\PoGoBattleHelper\pokemongo-json-pokedex\lib\src\app.settings.js.map
C:\Users\MLewis\Desktop\LaunchCode\CoderGirl 2020\Capstone Project\App-PoGoBattleHelper\PoGoBattleHelper\pokemongo-json-pokedex\lib\src\app.settings.d.ts
C:\Users\MLewis\Desktop\LaunchCode\CoderGirl 2020\Capstone Project\App-PoGoBattleHelper\PoGoBattleHelper\pokemongo-json-pokedex\lib\src\income\gameMaster.js
C:\Users\MLewis\Desktop\LaunchCode\CoderGirl 2020\Capstone Project\App-PoGoBattleHelper\PoGoBattleHelper\pokemongo-json-pokedex\lib\src\income\gameMaster.js.map
C:\Users\MLewis\Desktop\LaunchCode\CoderGirl 2020\Capstone Project\App-PoGoBattleHelper\PoGoBattleHelper\pokemongo-json-pokedex\lib\src\income\gameMaster.d.ts
C:\Users\MLewis\Desktop\LaunchCode\CoderGirl 2020\Capstone Project\App-PoGoBattleHelper\PoGoBattleHelper\pokemongo-json-pokedex\lib\src\income\translation.js
C:\Users\MLewis\Desktop\LaunchCode\CoderGirl 2020\Capstone Project\App-PoGoBattleHelper\PoGoBattleHelper\pokemongo-json-pokedex\lib\src\income\translation.js.map
C:\Users\MLewis\Desktop\LaunchCode\CoderGirl 2020\Capstone Project\App-PoGoBattleHelper\PoGoBattleHelper\pokemongo-json-pokedex\lib\src\income\translation.d.ts
C:\Users\MLewis\Desktop\LaunchCode\CoderGirl 2020\Capstone Project\App-PoGoBattleHelper\PoGoBattleHelper\pokemongo-json-pokedex\lib\src\income\index.js
C:\Users\MLewis\Desktop\LaunchCode\CoderGirl 2020\Capstone Project\App-PoGoBattleHelper\PoGoBattleHelper\pokemongo-json-pokedex\lib\src\income\index.js.map
C:\Users\MLewis\Desktop\LaunchCode\CoderGirl 2020\Capstone Project\App-PoGoBattleHelper\PoGoBattleHelper\pokemongo-json-pokedex\lib\src\income\index.d.ts
C:\Users\MLewis\Desktop\LaunchCode\CoderGirl 2020\Capstone Project\App-PoGoBattleHelper\PoGoBattleHelper\pokemongo-json-pokedex\lib\src\core\identifyable.js
C:\Users\MLewis\Desktop\LaunchCode\CoderGirl 2020\Capstone Project\App-PoGoBattleHelper\PoGoBattleHelper\pokemongo-json-pokedex\lib\src\core\identifyable.js.map
C:\Users\MLewis\Desktop\LaunchCode\CoderGirl 2020\Capstone Project\App-PoGoBattleHelper\PoGoBattleHelper\pokemongo-json-pokedex\lib\src\core\identifyable.d.ts
C:\Users\MLewis\Desktop\LaunchCode\CoderGirl 2020\Capstone Project\App-PoGoBattleHelper\PoGoBattleHelper\pokemongo-json-pokedex\lib\src\outcome\avatarCustomization\avatarCustomization.js
C:\Users\MLewis\Desktop\LaunchCode\CoderGirl 2020\Capstone Project\App-PoGoBattleHelper\PoGoBattleHelper\pokemongo-json-pokedex\lib\src\outcome\avatarCustomization\avatarCustomization.js.map
C:\Users\MLewis\Desktop\LaunchCode\CoderGirl 2020\Capstone Project\App-PoGoBattleHelper\PoGoBattleHelper\pokemongo-json-pokedex\lib\src\outcome\avatarCustomization\avatarCustomization.d.ts
C:\Users\MLewis\Desktop\LaunchCode\CoderGirl 2020\Capstone Project\App-PoGoBattleHelper\PoGoBattleHelper\pokemongo-json-pokedex\lib\src\outcome\locales\locale.interface.js
C:\Users\MLewis\Desktop\LaunchCode\CoderGirl 2020\Capstone Project\App-PoGoBattleHelper\PoGoBattleHelper\pokemongo-json-pokedex\lib\src\outcome\locales\locale.interface.js.map
C:\Users\MLewis\Desktop\LaunchCode\CoderGirl 2020\Capstone Project\App-PoGoBattleHelper\PoGoBattleHelper\pokemongo-json-pokedex\lib\src\outcome\locales\locale.interface.d.ts
C:\Users\MLewis\Desktop\LaunchCode\CoderGirl 2020\Capstone Project\App-PoGoBattleHelper\PoGoBattleHelper\pokemongo-json-pokedex\lib\src\outcome\avatarCustomization\locales\avatarCustomizationLocales.js
C:\Users\MLewis\Desktop\LaunchCode\CoderGirl 2020\Capstone Project\App-PoGoBattleHelper\PoGoBattleHelper\pokemongo-json-pokedex\lib\src\outcome\avatarCustomization\locales\avatarCustomizationLocales.js.map
C:\Users\MLewis\Desktop\LaunchCode\CoderGirl 2020\Capstone Project\App-PoGoBattleHelper\PoGoBattleHelper\pokemongo-json-pokedex\lib\src\outcome\avatarCustomization\locales\avatarCustomizationLocales.d.ts
C:\Users\MLewis\Desktop\LaunchCode\CoderGirl 2020\Capstone Project\App-PoGoBattleHelper\PoGoBattleHelper\pokemongo-json-pokedex\lib\src\outcome\avatarCustomization\locales\index.js
C:\Users\MLewis\Desktop\LaunchCode\CoderGirl 2020\Capstone Project\App-PoGoBattleHelper\PoGoBattleHelper\pokemongo-json-pokedex\lib\src\outcome\avatarCustomization\locales\index.js.map
C:\Users\MLewis\Desktop\LaunchCode\CoderGirl 2020\Capstone Project\App-PoGoBattleHelper\PoGoBattleHelper\pokemongo-json-pokedex\lib\src\outcome\avatarCustomization\locales\index.d.ts
C:\Users\MLewis\Desktop\LaunchCode\CoderGirl 2020\Capstone Project\App-PoGoBattleHelper\PoGoBattleHelper\pokemongo-json-pokedex\lib\src\outcome\avatarCustomization\index.js
C:\Users\MLewis\Desktop\LaunchCode\CoderGirl 2020\Capstone Project\App-PoGoBattleHelper\PoGoBattleHelper\pokemongo-json-pokedex\lib\src\outcome\avatarCustomization\index.js.map
C:\Users\MLewis\Desktop\LaunchCode\CoderGirl 2020\Capstone Project\App-PoGoBattleHelper\PoGoBattleHelper\pokemongo-json-pokedex\lib\src\outcome\avatarCustomization\index.d.ts
C:\Users\MLewis\Desktop\LaunchCode\CoderGirl 2020\Capstone Project\App-PoGoBattleHelper\PoGoBattleHelper\pokemongo-json-pokedex\lib\src\core\pipeline\pipeline.js
C:\Users\MLewis\Desktop\LaunchCode\CoderGirl 2020\Capstone Project\App-PoGoBattleHelper\PoGoBattleHelper\pokemongo-json-pokedex\lib\src\core\pipeline\pipeline.js.map
C:\Users\MLewis\Desktop\LaunchCode\CoderGirl 2020\Capstone Project\App-PoGoBattleHelper\PoGoBattleHelper\pokemongo-json-pokedex\lib\src\core\pipeline\pipeline.d.ts
C:\Users\MLewis\Desktop\LaunchCode\CoderGirl 2020\Capstone Project\App-PoGoBattleHelper\PoGoBattleHelper\pokemongo-json-pokedex\lib\src\core\pipeline\registry.js
C:\Users\MLewis\Desktop\LaunchCode\CoderGirl 2020\Capstone Project\App-PoGoBattleHelper\PoGoBattleHelper\pokemongo-json-pokedex\lib\src\core\pipeline\registry.js.map
C:\Users\MLewis\Desktop\LaunchCode\CoderGirl 2020\Capstone Project\App-PoGoBattleHelper\PoGoBattleHelper\pokemongo-json-pokedex\lib\src\core\pipeline\registry.d.ts
C:\Users\MLewis\Desktop\LaunchCode\CoderGirl 2020\Capstone Project\App-PoGoBattleHelper\PoGoBattleHelper\pokemongo-json-pokedex\lib\src\core\pipeline\component.js
C:\Users\MLewis\Desktop\LaunchCode\CoderGirl 2020\Capstone Project\App-PoGoBattleHelper\PoGoBattleHelper\pokemongo-json-pokedex\lib\src\core\pipeline\component.js.map
C:\Users\MLewis\Desktop\LaunchCode\CoderGirl 2020\Capstone Project\App-PoGoBattleHelper\PoGoBattleHelper\pokemongo-json-pokedex\lib\src\core\pipeline\component.d.ts
C:\Users\MLewis\Desktop\LaunchCode\CoderGirl 2020\Capstone Project\App-PoGoBattleHelper\PoGoBattleHelper\pokemongo-json-pokedex\lib\src\core\pipeline\index.js
C:\Users\MLewis\Desktop\LaunchCode\CoderGirl 2020\Capstone Project\App-PoGoBattleHelper\PoGoBattleHelper\pokemongo-json-pokedex\lib\src\core\pipeline\index.js.map
C:\Users\MLewis\Desktop\LaunchCode\CoderGirl 2020\Capstone Project\App-PoGoBattleHelper\PoGoBattleHelper\pokemongo-json-pokedex\lib\src\core\pipeline\index.d.ts
C:\Users\MLewis\Desktop\LaunchCode\CoderGirl 2020\Capstone Project\App-PoGoBattleHelper\PoGoBattleHelper\pokemongo-json-pokedex\lib\src\processing\avatarCustomization\avatarCustomizationPipeline.js
C:\Users\MLewis\Desktop\LaunchCode\CoderGirl 2020\Capstone Project\App-PoGoBattleHelper\PoGoBattleHelper\pokemongo-json-pokedex\lib\src\processing\avatarCustomization\avatarCustomizationPipeline.js.map
C:\Users\MLewis\Desktop\LaunchCode\CoderGirl 2020\Capstone Project\App-PoGoBattleHelper\PoGoBattleHelper\pokemongo-json-pokedex\lib\src\processing\avatarCustomization\avatarCustomizationPipeline.d.ts
C:\Users\MLewis\Desktop\LaunchCode\CoderGirl 2020\Capstone Project\App-PoGoBattleHelper\PoGoBattleHelper\pokemongo-json-pokedex\lib\src\util\util.js
C:\Users\MLewis\Desktop\LaunchCode\CoderGirl 2020\Capstone Project\App-PoGoBattleHelper\PoGoBattleHelper\pokemongo-json-pokedex\lib\src\util\util.js.map
C:\Users\MLewis\Desktop\LaunchCode\CoderGirl 2020\Capstone Project\App-PoGoBattleHelper\PoGoBattleHelper\pokemongo-json-pokedex\lib\src\util\util.d.ts
C:\Users\MLewis\Desktop\LaunchCode\CoderGirl 2020\Capstone Project\App-PoGoBattleHelper\PoGoBattleHelper\pokemongo-json-pokedex\lib\src\util\index.js
C:\Users\MLewis\Desktop\LaunchCode\CoderGirl 2020\Capstone Project\App-PoGoBattleHelper\PoGoBattleHelper\pokemongo-json-pokedex\lib\src\util\index.js.map
C:\Users\MLewis\Desktop\LaunchCode\CoderGirl 2020\Capstone Project\App-PoGoBattleHelper\PoGoBattleHelper\pokemongo-json-pokedex\lib\src\util\index.d.ts
C:\Users\MLewis\Desktop\LaunchCode\CoderGirl 2020\Capstone Project\App-PoGoBattleHelper\PoGoBattleHelper\pokemongo-json-pokedex\lib\src\processing\avatarCustomization\components\name.js
C:\Users\MLewis\Desktop\LaunchCode\CoderGirl 2020\Capstone Project\App-PoGoBattleHelper\PoGoBattleHelper\pokemongo-json-pokedex\lib\src\processing\avatarCustomization\components\name.js.map
C:\Users\MLewis\Desktop\LaunchCode\CoderGirl 2020\Capstone Project\App-PoGoBattleHelper\PoGoBattleHelper\pokemongo-json-pokedex\lib\src\processing\avatarCustomization\components\name.d.ts
C:\Users\MLewis\Desktop\LaunchCode\CoderGirl 2020\Capstone Project\App-PoGoBattleHelper\PoGoBattleHelper\pokemongo-json-pokedex\lib\src\processing\avatarCustomization\components\gender.js
C:\Users\MLewis\Desktop\LaunchCode\CoderGirl 2020\Capstone Project\App-PoGoBattleHelper\PoGoBattleHelper\pokemongo-json-pokedex\lib\src\processing\avatarCustomization\components\gender.js.map
C:\Users\MLewis\Desktop\LaunchCode\CoderGirl 2020\Capstone Project\App-PoGoBattleHelper\PoGoBattleHelper\pokemongo-json-pokedex\lib\src\processing\avatarCustomization\components\gender.d.ts
C:\Users\MLewis\Desktop\LaunchCode\CoderGirl 2020\Capstone Project\App-PoGoBattleHelper\PoGoBattleHelper\pokemongo-json-pokedex\lib\src\processing\avatarCustomization\components\genericPropertyMapper.js
C:\Users\MLewis\Desktop\LaunchCode\CoderGirl 2020\Capstone Project\App-PoGoBattleHelper\PoGoBattleHelper\pokemongo-json-pokedex\lib\src\processing\avatarCustomization\components\genericPropertyMapper.js.map
C:\Users\MLewis\Desktop\LaunchCode\CoderGirl 2020\Capstone Project\App-PoGoBattleHelper\PoGoBattleHelper\pokemongo-json-pokedex\lib\src\processing\avatarCustomization\components\genericPropertyMapper.d.ts
C:\Users\MLewis\Desktop\LaunchCode\CoderGirl 2020\Capstone Project\App-PoGoBattleHelper\PoGoBattleHelper\pokemongo-json-pokedex\lib\src\processing\avatarCustomization\components\slot.js
C:\Users\MLewis\Desktop\LaunchCode\CoderGirl 2020\Capstone Project\App-PoGoBattleHelper\PoGoBattleHelper\pokemongo-json-pokedex\lib\src\processing\avatarCustomization\components\slot.js.map
C:\Users\MLewis\Desktop\LaunchCode\CoderGirl 2020\Capstone Project\App-PoGoBattleHelper\PoGoBattleHelper\pokemongo-json-pokedex\lib\src\processing\avatarCustomization\components\slot.d.ts
C:\Users\MLewis\Desktop\LaunchCode\CoderGirl 2020\Capstone Project\App-PoGoBattleHelper\PoGoBattleHelper\pokemongo-json-pokedex\lib\src\processing\avatarCustomization\components\category.js
C:\Users\MLewis\Desktop\LaunchCode\CoderGirl 2020\Capstone Project\App-PoGoBattleHelper\PoGoBattleHelper\pokemongo-json-pokedex\lib\src\processing\avatarCustomization\components\category.js.map
C:\Users\MLewis\Desktop\LaunchCode\CoderGirl 2020\Capstone Project\App-PoGoBattleHelper\PoGoBattleHelper\pokemongo-json-pokedex\lib\src\processing\avatarCustomization\components\category.d.ts
C:\Users\MLewis\Desktop\LaunchCode\CoderGirl 2020\Capstone Project\App-PoGoBattleHelper\PoGoBattleHelper\pokemongo-json-pokedex\lib\src\processing\avatarCustomization\components\index.js
C:\Users\MLewis\Desktop\LaunchCode\CoderGirl 2020\Capstone Project\App-PoGoBattleHelper\PoGoBattleHelper\pokemongo-json-pokedex\lib\src\processing\avatarCustomization\components\index.js.map
C:\Users\MLewis\Desktop\LaunchCode\CoderGirl 2020\Capstone Project\App-PoGoBattleHelper\PoGoBattleHelper\pokemongo-json-pokedex\lib\src\processing\avatarCustomization\components\index.d.ts
C:\Users\MLewis\Desktop\LaunchCode\CoderGirl 2020\Capstone Project\App-PoGoBattleHelper\PoGoBattleHelper\pokemongo-json-pokedex\lib\src\processing\avatarCustomization\index.js
C:\Users\MLewis\Desktop\LaunchCode\CoderGirl 2020\Capstone Project\App-PoGoBattleHelper\PoGoBattleHelper\pokemongo-json-pokedex\lib\src\processing\avatarCustomization\index.js.map
C:\Users\MLewis\Desktop\LaunchCode\CoderGirl 2020\Capstone Project\App-PoGoBattleHelper\PoGoBattleHelper\pokemongo-json-pokedex\lib\src\processing\avatarCustomization\index.d.ts
C:\Users\MLewis\Desktop\LaunchCode\CoderGirl 2020\Capstone Project\App-PoGoBattleHelper\PoGoBattleHelper\pokemongo-json-pokedex\lib\src\outcome\move\move.js
C:\Users\MLewis\Desktop\LaunchCode\CoderGirl 2020\Capstone Project\App-PoGoBattleHelper\PoGoBattleHelper\pokemongo-json-pokedex\lib\src\outcome\move\move.js.map
C:\Users\MLewis\Desktop\LaunchCode\CoderGirl 2020\Capstone Project\App-PoGoBattleHelper\PoGoBattleHelper\pokemongo-json-pokedex\lib\src\outcome\move\move.d.ts
C:\Users\MLewis\Desktop\LaunchCode\CoderGirl 2020\Capstone Project\App-PoGoBattleHelper\PoGoBattleHelper\pokemongo-json-pokedex\lib\src\outcome\move\locales\moveLocales.js
C:\Users\MLewis\Desktop\LaunchCode\CoderGirl 2020\Capstone Project\App-PoGoBattleHelper\PoGoBattleHelper\pokemongo-json-pokedex\lib\src\outcome\move\locales\moveLocales.js.map
C:\Users\MLewis\Desktop\LaunchCode\CoderGirl 2020\Capstone Project\App-PoGoBattleHelper\PoGoBattleHelper\pokemongo-json-pokedex\lib\src\outcome\move\locales\moveLocales.d.ts
C:\Users\MLewis\Desktop\LaunchCode\CoderGirl 2020\Capstone Project\App-PoGoBattleHelper\PoGoBattleHelper\pokemongo-json-pokedex\lib\src\outcome\move\locales\index.js
C:\Users\MLewis\Desktop\LaunchCode\CoderGirl 2020\Capstone Project\App-PoGoBattleHelper\PoGoBattleHelper\pokemongo-json-pokedex\lib\src\outcome\move\locales\index.js.map
C:\Users\MLewis\Desktop\LaunchCode\CoderGirl 2020\Capstone Project\App-PoGoBattleHelper\PoGoBattleHelper\pokemongo-json-pokedex\lib\src\outcome\move\locales\index.d.ts
C:\Users\MLewis\Desktop\LaunchCode\CoderGirl 2020\Capstone Project\App-PoGoBattleHelper\PoGoBattleHelper\pokemongo-json-pokedex\lib\src\outcome\move\index.js
C:\Users\MLewis\Desktop\LaunchCode\CoderGirl 2020\Capstone Project\App-PoGoBattleHelper\PoGoBattleHelper\pokemongo-json-pokedex\lib\src\outcome\move\index.js.map
C:\Users\MLewis\Desktop\LaunchCode\CoderGirl 2020\Capstone Project\App-PoGoBattleHelper\PoGoBattleHelper\pokemongo-json-pokedex\lib\src\outcome\move\index.d.ts
C:\Users\MLewis\Desktop\LaunchCode\CoderGirl 2020\Capstone Project\App-PoGoBattleHelper\PoGoBattleHelper\pokemongo-json-pokedex\lib\src\processing\move\movePipeline.js
C:\Users\MLewis\Desktop\LaunchCode\CoderGirl 2020\Capstone Project\App-PoGoBattleHelper\PoGoBattleHelper\pokemongo-json-pokedex\lib\src\processing\move\movePipeline.js.map
C:\Users\MLewis\Desktop\LaunchCode\CoderGirl 2020\Capstone Project\App-PoGoBattleHelper\PoGoBattleHelper\pokemongo-json-pokedex\lib\src\processing\move\movePipeline.d.ts
C:\Users\MLewis\Desktop\LaunchCode\CoderGirl 2020\Capstone Project\App-PoGoBattleHelper\PoGoBattleHelper\pokemongo-json-pokedex\lib\src\processing\move\components\genericPropertyMapper.js
C:\Users\MLewis\Desktop\LaunchCode\CoderGirl 2020\Capstone Project\App-PoGoBattleHelper\PoGoBattleHelper\pokemongo-json-pokedex\lib\src\processing\move\components\genericPropertyMapper.js.map
C:\Users\MLewis\Desktop\LaunchCode\CoderGirl 2020\Capstone Project\App-PoGoBattleHelper\PoGoBattleHelper\pokemongo-json-pokedex\lib\src\processing\move\components\genericPropertyMapper.d.ts
C:\Users\MLewis\Desktop\LaunchCode\CoderGirl 2020\Capstone Project\App-PoGoBattleHelper\PoGoBattleHelper\pokemongo-json-pokedex\lib\src\processing\move\components\pokemonType.js
C:\Users\MLewis\Desktop\LaunchCode\CoderGirl 2020\Capstone Project\App-PoGoBattleHelper\PoGoBattleHelper\pokemongo-json-pokedex\lib\src\processing\move\components\pokemonType.js.map
C:\Users\MLewis\Desktop\LaunchCode\CoderGirl 2020\Capstone Project\App-PoGoBattleHelper\PoGoBattleHelper\pokemongo-json-pokedex\lib\src\processing\move\components\pokemonType.d.ts
C:\Users\MLewis\Desktop\LaunchCode\CoderGirl 2020\Capstone Project\App-PoGoBattleHelper\PoGoBattleHelper\pokemongo-json-pokedex\lib\src\processing\move\components\name.js
C:\Users\MLewis\Desktop\LaunchCode\CoderGirl 2020\Capstone Project\App-PoGoBattleHelper\PoGoBattleHelper\pokemongo-json-pokedex\lib\src\processing\move\components\name.js.map
C:\Users\MLewis\Desktop\LaunchCode\CoderGirl 2020\Capstone Project\App-PoGoBattleHelper\PoGoBattleHelper\pokemongo-json-pokedex\lib\src\processing\move\components\name.d.ts
C:\Users\MLewis\Desktop\LaunchCode\CoderGirl 2020\Capstone Project\App-PoGoBattleHelper\PoGoBattleHelper\pokemongo-json-pokedex\lib\src\processing\move\components\internalId.js
C:\Users\MLewis\Desktop\LaunchCode\CoderGirl 2020\Capstone Project\App-PoGoBattleHelper\PoGoBattleHelper\pokemongo-json-pokedex\lib\src\processing\move\components\internalId.js.map
C:\Users\MLewis\Desktop\LaunchCode\CoderGirl 2020\Capstone Project\App-PoGoBattleHelper\PoGoBattleHelper\pokemongo-json-pokedex\lib\src\processing\move\components\internalId.d.ts
C:\Users\MLewis\Desktop\LaunchCode\CoderGirl 2020\Capstone Project\App-PoGoBattleHelper\PoGoBattleHelper\pokemongo-json-pokedex\lib\src\processing\move\components\index.js
C:\Users\MLewis\Desktop\LaunchCode\CoderGirl 2020\Capstone Project\App-PoGoBattleHelper\PoGoBattleHelper\pokemongo-json-pokedex\lib\src\processing\move\components\index.js.map
C:\Users\MLewis\Desktop\LaunchCode\CoderGirl 2020\Capstone Project\App-PoGoBattleHelper\PoGoBattleHelper\pokemongo-json-pokedex\lib\src\processing\move\components\index.d.ts
C:\Users\MLewis\Desktop\LaunchCode\CoderGirl 2020\Capstone Project\App-PoGoBattleHelper\PoGoBattleHelper\pokemongo-json-pokedex\lib\src\processing\move\index.js
C:\Users\MLewis\Desktop\LaunchCode\CoderGirl 2020\Capstone Project\App-PoGoBattleHelper\PoGoBattleHelper\pokemongo-json-pokedex\lib\src\processing\move\index.js.map
C:\Users\MLewis\Desktop\LaunchCode\CoderGirl 2020\Capstone Project\App-PoGoBattleHelper\PoGoBattleHelper\pokemongo-json-pokedex\lib\src\processing\move\index.d.ts
C:\Users\MLewis\Desktop\LaunchCode\CoderGirl 2020\Capstone Project\App-PoGoBattleHelper\PoGoBattleHelper\pokemongo-json-pokedex\lib\src\core\index.js
C:\Users\MLewis\Desktop\LaunchCode\CoderGirl 2020\Capstone Project\App-PoGoBattleHelper\PoGoBattleHelper\pokemongo-json-pokedex\lib\src\core\index.js.map
C:\Users\MLewis\Desktop\LaunchCode\CoderGirl 2020\Capstone Project\App-PoGoBattleHelper\PoGoBattleHelper\pokemongo-json-pokedex\lib\src\core\index.d.ts
C:\Users\MLewis\Desktop\LaunchCode\CoderGirl 2020\Capstone Project\App-PoGoBattleHelper\PoGoBattleHelper\pokemongo-json-pokedex\lib\src\outcome\pokemon\pokemonCamera.js
C:\Users\MLewis\Desktop\LaunchCode\CoderGirl 2020\Capstone Project\App-PoGoBattleHelper\PoGoBattleHelper\pokemongo-json-pokedex\lib\src\outcome\pokemon\pokemonCamera.js.map
C:\Users\MLewis\Desktop\LaunchCode\CoderGirl 2020\Capstone Project\App-PoGoBattleHelper\PoGoBattleHelper\pokemongo-json-pokedex\lib\src\outcome\pokemon\pokemonCamera.d.ts
C:\Users\MLewis\Desktop\LaunchCode\CoderGirl 2020\Capstone Project\App-PoGoBattleHelper\PoGoBattleHelper\pokemongo-json-pokedex\lib\src\outcome\pokemon\pokemonGender.js
C:\Users\MLewis\Desktop\LaunchCode\CoderGirl 2020\Capstone Project\App-PoGoBattleHelper\PoGoBattleHelper\pokemongo-json-pokedex\lib\src\outcome\pokemon\pokemonGender.js.map
C:\Users\MLewis\Desktop\LaunchCode\CoderGirl 2020\Capstone Project\App-PoGoBattleHelper\PoGoBattleHelper\pokemongo-json-pokedex\lib\src\outcome\pokemon\pokemonGender.d.ts
C:\Users\MLewis\Desktop\LaunchCode\CoderGirl 2020\Capstone Project\App-PoGoBattleHelper\PoGoBattleHelper\pokemongo-json-pokedex\lib\src\outcome\pokemon\pokemonEncounter.js
C:\Users\MLewis\Desktop\LaunchCode\CoderGirl 2020\Capstone Project\App-PoGoBattleHelper\PoGoBattleHelper\pokemongo-json-pokedex\lib\src\outcome\pokemon\pokemonEncounter.js.map
C:\Users\MLewis\Desktop\LaunchCode\CoderGirl 2020\Capstone Project\App-PoGoBattleHelper\PoGoBattleHelper\pokemongo-json-pokedex\lib\src\outcome\pokemon\pokemonEncounter.d.ts
C:\Users\MLewis\Desktop\LaunchCode\CoderGirl 2020\Capstone Project\App-PoGoBattleHelper\PoGoBattleHelper\pokemongo-json-pokedex\lib\src\outcome\pokemon\evolution\evolutionCostToEvolve.js
C:\Users\MLewis\Desktop\LaunchCode\CoderGirl 2020\Capstone Project\App-PoGoBattleHelper\PoGoBattleHelper\pokemongo-json-pokedex\lib\src\outcome\pokemon\evolution\evolutionCostToEvolve.js.map
C:\Users\MLewis\Desktop\LaunchCode\CoderGirl 2020\Capstone Project\App-PoGoBattleHelper\PoGoBattleHelper\pokemongo-json-pokedex\lib\src\outcome\pokemon\evolution\evolutionCostToEvolve.d.ts
C:\Users\MLewis\Desktop\LaunchCode\CoderGirl 2020\Capstone Project\App-PoGoBattleHelper\PoGoBattleHelper\pokemongo-json-pokedex\lib\src\outcome\pokemon\evolution\pastEvolutionBranch.js
C:\Users\MLewis\Desktop\LaunchCode\CoderGirl 2020\Capstone Project\App-PoGoBattleHelper\PoGoBattleHelper\pokemongo-json-pokedex\lib\src\outcome\pokemon\evolution\pastEvolutionBranch.js.map
C:\Users\MLewis\Desktop\LaunchCode\CoderGirl 2020\Capstone Project\App-PoGoBattleHelper\PoGoBattleHelper\pokemongo-json-pokedex\lib\src\outcome\pokemon\evolution\pastEvolutionBranch.d.ts
C:\Users\MLewis\Desktop\LaunchCode\CoderGirl 2020\Capstone Project\App-PoGoBattleHelper\PoGoBattleHelper\pokemongo-json-pokedex\lib\src\outcome\pokemon\evolution\futureEvolutionBranch.js
C:\Users\MLewis\Desktop\LaunchCode\CoderGirl 2020\Capstone Project\App-PoGoBattleHelper\PoGoBattleHelper\pokemongo-json-pokedex\lib\src\outcome\pokemon\evolution\futureEvolutionBranch.js.map
C:\Users\MLewis\Desktop\LaunchCode\CoderGirl 2020\Capstone Project\App-PoGoBattleHelper\PoGoBattleHelper\pokemongo-json-pokedex\lib\src\outcome\pokemon\evolution\futureEvolutionBranch.d.ts
C:\Users\MLewis\Desktop\LaunchCode\CoderGirl 2020\Capstone Project\App-PoGoBattleHelper\PoGoBattleHelper\pokemongo-json-pokedex\lib\src\outcome\pokemon\evolution\pokemonEvolution.js
C:\Users\MLewis\Desktop\LaunchCode\CoderGirl 2020\Capstone Project\App-PoGoBattleHelper\PoGoBattleHelper\pokemongo-json-pokedex\lib\src\outcome\pokemon\evolution\pokemonEvolution.js.map
C:\Users\MLewis\Desktop\LaunchCode\CoderGirl 2020\Capstone Project\App-PoGoBattleHelper\PoGoBattleHelper\pokemongo-json-pokedex\lib\src\outcome\pokemon\evolution\pokemonEvolution.d.ts
C:\Users\MLewis\Desktop\LaunchCode\CoderGirl 2020\Capstone Project\App-PoGoBattleHelper\PoGoBattleHelper\pokemongo-json-pokedex\lib\src\outcome\pokemon\evolution\index.js
C:\Users\MLewis\Desktop\LaunchCode\CoderGirl 2020\Capstone Project\App-PoGoBattleHelper\PoGoBattleHelper\pokemongo-json-pokedex\lib\src\outcome\pokemon\evolution\index.js.map
C:\Users\MLewis\Desktop\LaunchCode\CoderGirl 2020\Capstone Project\App-PoGoBattleHelper\PoGoBattleHelper\pokemongo-json-pokedex\lib\src\outcome\pokemon\evolution\index.d.ts
C:\Users\MLewis\Desktop\LaunchCode\CoderGirl 2020\Capstone Project\App-PoGoBattleHelper\PoGoBattleHelper\pokemongo-json-pokedex\lib\src\outcome\pokemon\pokemonStats.js
C:\Users\MLewis\Desktop\LaunchCode\CoderGirl 2020\Capstone Project\App-PoGoBattleHelper\PoGoBattleHelper\pokemongo-json-pokedex\lib\src\outcome\pokemon\pokemonStats.js.map
C:\Users\MLewis\Desktop\LaunchCode\CoderGirl 2020\Capstone Project\App-PoGoBattleHelper\PoGoBattleHelper\pokemongo-json-pokedex\lib\src\outcome\pokemon\pokemonStats.d.ts
C:\Users\MLewis\Desktop\LaunchCode\CoderGirl 2020\Capstone Project\App-PoGoBattleHelper\PoGoBattleHelper\pokemongo-json-pokedex\lib\src\outcome\pokemon\pokemonForm.js
C:\Users\MLewis\Desktop\LaunchCode\CoderGirl 2020\Capstone Project\App-PoGoBattleHelper\PoGoBattleHelper\pokemongo-json-pokedex\lib\src\outcome\pokemon\pokemonForm.js.map
C:\Users\MLewis\Desktop\LaunchCode\CoderGirl 2020\Capstone Project\App-PoGoBattleHelper\PoGoBattleHelper\pokemongo-json-pokedex\lib\src\outcome\pokemon\pokemonForm.d.ts
C:\Users\MLewis\Desktop\LaunchCode\CoderGirl 2020\Capstone Project\App-PoGoBattleHelper\PoGoBattleHelper\pokemongo-json-pokedex\lib\src\outcome\pokemon\pokemon.js
C:\Users\MLewis\Desktop\LaunchCode\CoderGirl 2020\Capstone Project\App-PoGoBattleHelper\PoGoBattleHelper\pokemongo-json-pokedex\lib\src\outcome\pokemon\pokemon.js.map
C:\Users\MLewis\Desktop\LaunchCode\CoderGirl 2020\Capstone Project\App-PoGoBattleHelper\PoGoBattleHelper\pokemongo-json-pokedex\lib\src\outcome\pokemon\pokemon.d.ts
C:\Users\MLewis\Desktop\LaunchCode\CoderGirl 2020\Capstone Project\App-PoGoBattleHelper\PoGoBattleHelper\pokemongo-json-pokedex\lib\src\outcome\pokemon\locales\pokemonLocales.js
C:\Users\MLewis\Desktop\LaunchCode\CoderGirl 2020\Capstone Project\App-PoGoBattleHelper\PoGoBattleHelper\pokemongo-json-pokedex\lib\src\outcome\pokemon\locales\pokemonLocales.js.map
C:\Users\MLewis\Desktop\LaunchCode\CoderGirl 2020\Capstone Project\App-PoGoBattleHelper\PoGoBattleHelper\pokemongo-json-pokedex\lib\src\outcome\pokemon\locales\pokemonLocales.d.ts
C:\Users\MLewis\Desktop\LaunchCode\CoderGirl 2020\Capstone Project\App-PoGoBattleHelper\PoGoBattleHelper\pokemongo-json-pokedex\lib\src\outcome\pokemon\locales\index.js
C:\Users\MLewis\Desktop\LaunchCode\CoderGirl 2020\Capstone Project\App-PoGoBattleHelper\PoGoBattleHelper\pokemongo-json-pokedex\lib\src\outcome\pokemon\locales\index.js.map
C:\Users\MLewis\Desktop\LaunchCode\CoderGirl 2020\Capstone Project\App-PoGoBattleHelper\PoGoBattleHelper\pokemongo-json-pokedex\lib\src\outcome\pokemon\locales\index.d.ts
C:\Users\MLewis\Desktop\LaunchCode\CoderGirl 2020\Capstone Project\App-PoGoBattleHelper\PoGoBattleHelper\pokemongo-json-pokedex\lib\src\outcome\pokemon\index.js
C:\Users\MLewis\Desktop\LaunchCode\CoderGirl 2020\Capstone Project\App-PoGoBattleHelper\PoGoBattleHelper\pokemongo-json-pokedex\lib\src\outcome\pokemon\index.js.map
C:\Users\MLewis\Desktop\LaunchCode\CoderGirl 2020\Capstone Project\App-PoGoBattleHelper\PoGoBattleHelper\pokemongo-json-pokedex\lib\src\outcome\pokemon\index.d.ts
C:\Users\MLewis\Desktop\LaunchCode\CoderGirl 2020\Capstone Project\App-PoGoBattleHelper\PoGoBattleHelper\pokemongo-json-pokedex\lib\src\processing\pokemon\pokemonPipeline.js
C:\Users\MLewis\Desktop\LaunchCode\CoderGirl 2020\Capstone Project\App-PoGoBattleHelper\PoGoBattleHelper\pokemongo-json-pokedex\lib\src\processing\pokemon\pokemonPipeline.js.map
C:\Users\MLewis\Desktop\LaunchCode\CoderGirl 2020\Capstone Project\App-PoGoBattleHelper\PoGoBattleHelper\pokemongo-json-pokedex\lib\src\processing\pokemon\pokemonPipeline.d.ts
C:\Users\MLewis\Desktop\LaunchCode\CoderGirl 2020\Capstone Project\App-PoGoBattleHelper\PoGoBattleHelper\pokemongo-json-pokedex\lib\src\processing\pokemon\components\dex.js
C:\Users\MLewis\Desktop\LaunchCode\CoderGirl 2020\Capstone Project\App-PoGoBattleHelper\PoGoBattleHelper\pokemongo-json-pokedex\lib\src\processing\pokemon\components\dex.js.map
C:\Users\MLewis\Desktop\LaunchCode\CoderGirl 2020\Capstone Project\App-PoGoBattleHelper\PoGoBattleHelper\pokemongo-json-pokedex\lib\src\processing\pokemon\components\dex.d.ts
C:\Users\MLewis\Desktop\LaunchCode\CoderGirl 2020\Capstone Project\App-PoGoBattleHelper\PoGoBattleHelper\pokemongo-json-pokedex\lib\src\processing\pokemon\components\name.js
C:\Users\MLewis\Desktop\LaunchCode\CoderGirl 2020\Capstone Project\App-PoGoBattleHelper\PoGoBattleHelper\pokemongo-json-pokedex\lib\src\processing\pokemon\components\name.js.map
C:\Users\MLewis\Desktop\LaunchCode\CoderGirl 2020\Capstone Project\App-PoGoBattleHelper\PoGoBattleHelper\pokemongo-json-pokedex\lib\src\processing\pokemon\components\name.d.ts
C:\Users\MLewis\Desktop\LaunchCode\CoderGirl 2020\Capstone Project\App-PoGoBattleHelper\PoGoBattleHelper\pokemongo-json-pokedex\lib\src\outcome\type\typeDamage.js
C:\Users\MLewis\Desktop\LaunchCode\CoderGirl 2020\Capstone Project\App-PoGoBattleHelper\PoGoBattleHelper\pokemongo-json-pokedex\lib\src\outcome\type\typeDamage.js.map
C:\Users\MLewis\Desktop\LaunchCode\CoderGirl 2020\Capstone Project\App-PoGoBattleHelper\PoGoBattleHelper\pokemongo-json-pokedex\lib\src\outcome\type\typeDamage.d.ts
C:\Users\MLewis\Desktop\LaunchCode\CoderGirl 2020\Capstone Project\App-PoGoBattleHelper\PoGoBattleHelper\pokemongo-json-pokedex\lib\src\outcome\type\type.js
C:\Users\MLewis\Desktop\LaunchCode\CoderGirl 2020\Capstone Project\App-PoGoBattleHelper\PoGoBattleHelper\pokemongo-json-pokedex\lib\src\outcome\type\type.js.map
C:\Users\MLewis\Desktop\LaunchCode\CoderGirl 2020\Capstone Project\App-PoGoBattleHelper\PoGoBattleHelper\pokemongo-json-pokedex\lib\src\outcome\type\type.d.ts
C:\Users\MLewis\Desktop\LaunchCode\CoderGirl 2020\Capstone Project\App-PoGoBattleHelper\PoGoBattleHelper\pokemongo-json-pokedex\lib\src\outcome\type\index.js
C:\Users\MLewis\Desktop\LaunchCode\CoderGirl 2020\Capstone Project\App-PoGoBattleHelper\PoGoBattleHelper\pokemongo-json-pokedex\lib\src\outcome\type\index.js.map
C:\Users\MLewis\Desktop\LaunchCode\CoderGirl 2020\Capstone Project\App-PoGoBattleHelper\PoGoBattleHelper\pokemongo-json-pokedex\lib\src\outcome\type\index.d.ts
C:\Users\MLewis\Desktop\LaunchCode\CoderGirl 2020\Capstone Project\App-PoGoBattleHelper\PoGoBattleHelper\pokemongo-json-pokedex\lib\src\processing\type\components\id.js
C:\Users\MLewis\Desktop\LaunchCode\CoderGirl 2020\Capstone Project\App-PoGoBattleHelper\PoGoBattleHelper\pokemongo-json-pokedex\lib\src\processing\type\components\id.js.map
C:\Users\MLewis\Desktop\LaunchCode\CoderGirl 2020\Capstone Project\App-PoGoBattleHelper\PoGoBattleHelper\pokemongo-json-pokedex\lib\src\processing\type\components\id.d.ts
C:\Users\MLewis\Desktop\LaunchCode\CoderGirl 2020\Capstone Project\App-PoGoBattleHelper\PoGoBattleHelper\pokemongo-json-pokedex\lib\src\processing\pokemon\components\genericPropertyMapper.js
C:\Users\MLewis\Desktop\LaunchCode\CoderGirl 2020\Capstone Project\App-PoGoBattleHelper\PoGoBattleHelper\pokemongo-json-pokedex\lib\src\processing\pokemon\components\genericPropertyMapper.js.map
C:\Users\MLewis\Desktop\LaunchCode\CoderGirl 2020\Capstone Project\App-PoGoBattleHelper\PoGoBattleHelper\pokemongo-json-pokedex\lib\src\processing\pokemon\components\genericPropertyMapper.d.ts
C:\Users\MLewis\Desktop\LaunchCode\CoderGirl 2020\Capstone Project\App-PoGoBattleHelper\PoGoBattleHelper\pokemongo-json-pokedex\lib\src\processing\pokemon\components\maxCP.js
C:\Users\MLewis\Desktop\LaunchCode\CoderGirl 2020\Capstone Project\App-PoGoBattleHelper\PoGoBattleHelper\pokemongo-json-pokedex\lib\src\processing\pokemon\components\maxCP.js.map
C:\Users\MLewis\Desktop\LaunchCode\CoderGirl 2020\Capstone Project\App-PoGoBattleHelper\PoGoBattleHelper\pokemongo-json-pokedex\lib\src\processing\pokemon\components\maxCP.d.ts
C:\Users\MLewis\Desktop\LaunchCode\CoderGirl 2020\Capstone Project\App-PoGoBattleHelper\PoGoBattleHelper\pokemongo-json-pokedex\lib\src\processing\pokemon\components\buddySize.js
C:\Users\MLewis\Desktop\LaunchCode\CoderGirl 2020\Capstone Project\App-PoGoBattleHelper\PoGoBattleHelper\pokemongo-json-pokedex\lib\src\processing\pokemon\components\buddySize.js.map
C:\Users\MLewis\Desktop\LaunchCode\CoderGirl 2020\Capstone Project\App-PoGoBattleHelper\PoGoBattleHelper\pokemongo-json-pokedex\lib\src\processing\pokemon\components\buddySize.d.ts
C:\Users\MLewis\Desktop\LaunchCode\CoderGirl 2020\Capstone Project\App-PoGoBattleHelper\PoGoBattleHelper\pokemongo-json-pokedex\lib\src\processing\pokemon\components\cinematicMoves.js
C:\Users\MLewis\Desktop\LaunchCode\CoderGirl 2020\Capstone Project\App-PoGoBattleHelper\PoGoBattleHelper\pokemongo-json-pokedex\lib\src\processing\pokemon\components\cinematicMoves.js.map
C:\Users\MLewis\Desktop\LaunchCode\CoderGirl 2020\Capstone Project\App-PoGoBattleHelper\PoGoBattleHelper\pokemongo-json-pokedex\lib\src\processing\pokemon\components\cinematicMoves.d.ts
C:\Users\MLewis\Desktop\LaunchCode\CoderGirl 2020\Capstone Project\App-PoGoBattleHelper\PoGoBattleHelper\pokemongo-json-pokedex\lib\src\processing\pokemon\components\quickMoves.js
C:\Users\MLewis\Desktop\LaunchCode\CoderGirl 2020\Capstone Project\App-PoGoBattleHelper\PoGoBattleHelper\pokemongo-json-pokedex\lib\src\processing\pokemon\components\quickMoves.js.map
C:\Users\MLewis\Desktop\LaunchCode\CoderGirl 2020\Capstone Project\App-PoGoBattleHelper\PoGoBattleHelper\pokemongo-json-pokedex\lib\src\processing\pokemon\components\quickMoves.d.ts
C:\Users\MLewis\Desktop\LaunchCode\CoderGirl 2020\Capstone Project\App-PoGoBattleHelper\PoGoBattleHelper\pokemongo-json-pokedex\lib\src\processing\pokemon\components\family.js
C:\Users\MLewis\Desktop\LaunchCode\CoderGirl 2020\Capstone Project\App-PoGoBattleHelper\PoGoBattleHelper\pokemongo-json-pokedex\lib\src\processing\pokemon\components\family.js.map
C:\Users\MLewis\Desktop\LaunchCode\CoderGirl 2020\Capstone Project\App-PoGoBattleHelper\PoGoBattleHelper\pokemongo-json-pokedex\lib\src\processing\pokemon\components\family.d.ts
C:\Users\MLewis\Desktop\LaunchCode\CoderGirl 2020\Capstone Project\App-PoGoBattleHelper\PoGoBattleHelper\pokemongo-json-pokedex\lib\src\processing\pokemon\components\stats.js
C:\Users\MLewis\Desktop\LaunchCode\CoderGirl 2020\Capstone Project\App-PoGoBattleHelper\PoGoBattleHelper\pokemongo-json-pokedex\lib\src\processing\pokemon\components\stats.js.map
C:\Users\MLewis\Desktop\LaunchCode\CoderGirl 2020\Capstone Project\App-PoGoBattleHelper\PoGoBattleHelper\pokemongo-json-pokedex\lib\src\processing\pokemon\components\stats.d.ts
C:\Users\MLewis\Desktop\LaunchCode\CoderGirl 2020\Capstone Project\App-PoGoBattleHelper\PoGoBattleHelper\pokemongo-json-pokedex\lib\src\processing\pokemon\components\types.js
C:\Users\MLewis\Desktop\LaunchCode\CoderGirl 2020\Capstone Project\App-PoGoBattleHelper\PoGoBattleHelper\pokemongo-json-pokedex\lib\src\processing\pokemon\components\types.js.map
C:\Users\MLewis\Desktop\LaunchCode\CoderGirl 2020\Capstone Project\App-PoGoBattleHelper\PoGoBattleHelper\pokemongo-json-pokedex\lib\src\processing\pokemon\components\types.d.ts
C:\Users\MLewis\Desktop\LaunchCode\CoderGirl 2020\Capstone Project\App-PoGoBattleHelper\PoGoBattleHelper\pokemongo-json-pokedex\lib\src\processing\pokemon\components\rarity.js
C:\Users\MLewis\Desktop\LaunchCode\CoderGirl 2020\Capstone Project\App-PoGoBattleHelper\PoGoBattleHelper\pokemongo-json-pokedex\lib\src\processing\pokemon\components\rarity.js.map
C:\Users\MLewis\Desktop\LaunchCode\CoderGirl 2020\Capstone Project\App-PoGoBattleHelper\PoGoBattleHelper\pokemongo-json-pokedex\lib\src\processing\pokemon\components\rarity.d.ts
C:\Users\MLewis\Desktop\LaunchCode\CoderGirl 2020\Capstone Project\App-PoGoBattleHelper\PoGoBattleHelper\pokemongo-json-pokedex\lib\src\processing\pokemon\components\encounter\enounter.js
C:\Users\MLewis\Desktop\LaunchCode\CoderGirl 2020\Capstone Project\App-PoGoBattleHelper\PoGoBattleHelper\pokemongo-json-pokedex\lib\src\processing\pokemon\components\encounter\enounter.js.map
C:\Users\MLewis\Desktop\LaunchCode\CoderGirl 2020\Capstone Project\App-PoGoBattleHelper\PoGoBattleHelper\pokemongo-json-pokedex\lib\src\processing\pokemon\components\encounter\enounter.d.ts
C:\Users\MLewis\Desktop\LaunchCode\CoderGirl 2020\Capstone Project\App-PoGoBattleHelper\PoGoBattleHelper\pokemongo-json-pokedex\lib\src\processing\pokemon\components\encounter\genderPercentage.js
C:\Users\MLewis\Desktop\LaunchCode\CoderGirl 2020\Capstone Project\App-PoGoBattleHelper\PoGoBattleHelper\pokemongo-json-pokedex\lib\src\processing\pokemon\components\encounter\genderPercentage.js.map
C:\Users\MLewis\Desktop\LaunchCode\CoderGirl 2020\Capstone Project\App-PoGoBattleHelper\PoGoBattleHelper\pokemongo-json-pokedex\lib\src\processing\pokemon\components\encounter\genderPercentage.d.ts
C:\Users\MLewis\Desktop\LaunchCode\CoderGirl 2020\Capstone Project\App-PoGoBattleHelper\PoGoBattleHelper\pokemongo-json-pokedex\lib\src\processing\pokemon\components\camera.js
C:\Users\MLewis\Desktop\LaunchCode\CoderGirl 2020\Capstone Project\App-PoGoBattleHelper\PoGoBattleHelper\pokemongo-json-pokedex\lib\src\processing\pokemon\components\camera.js.map
C:\Users\MLewis\Desktop\LaunchCode\CoderGirl 2020\Capstone Project\App-PoGoBattleHelper\PoGoBattleHelper\pokemongo-json-pokedex\lib\src\processing\pokemon\components\camera.d.ts
C:\Users\MLewis\Desktop\LaunchCode\CoderGirl 2020\Capstone Project\App-PoGoBattleHelper\PoGoBattleHelper\pokemongo-json-pokedex\lib\src\processing\pokemon\components\evolution\pokemonEvolution.js
C:\Users\MLewis\Desktop\LaunchCode\CoderGirl 2020\Capstone Project\App-PoGoBattleHelper\PoGoBattleHelper\pokemongo-json-pokedex\lib\src\processing\pokemon\components\evolution\pokemonEvolution.js.map
C:\Users\MLewis\Desktop\LaunchCode\CoderGirl 2020\Capstone Project\App-PoGoBattleHelper\PoGoBattleHelper\pokemongo-json-pokedex\lib\src\processing\pokemon\components\evolution\pokemonEvolution.d.ts
C:\Users\MLewis\Desktop\LaunchCode\CoderGirl 2020\Capstone Project\App-PoGoBattleHelper\PoGoBattleHelper\pokemongo-json-pokedex\lib\src\processing\pokemon\components\shared\templateIdToId.js
C:\Users\MLewis\Desktop\LaunchCode\CoderGirl 2020\Capstone Project\App-PoGoBattleHelper\PoGoBattleHelper\pokemongo-json-pokedex\lib\src\processing\pokemon\components\shared\templateIdToId.js.map
C:\Users\MLewis\Desktop\LaunchCode\CoderGirl 2020\Capstone Project\App-PoGoBattleHelper\PoGoBattleHelper\pokemongo-json-pokedex\lib\src\processing\pokemon\components\shared\templateIdToId.d.ts
C:\Users\MLewis\Desktop\LaunchCode\CoderGirl 2020\Capstone Project\App-PoGoBattleHelper\PoGoBattleHelper\pokemongo-json-pokedex\lib\src\processing\pokemon\components\id.js
C:\Users\MLewis\Desktop\LaunchCode\CoderGirl 2020\Capstone Project\App-PoGoBattleHelper\PoGoBattleHelper\pokemongo-json-pokedex\lib\src\processing\pokemon\components\id.js.map
C:\Users\MLewis\Desktop\LaunchCode\CoderGirl 2020\Capstone Project\App-PoGoBattleHelper\PoGoBattleHelper\pokemongo-json-pokedex\lib\src\processing\pokemon\components\id.d.ts
C:\Users\MLewis\Desktop\LaunchCode\CoderGirl 2020\Capstone Project\App-PoGoBattleHelper\PoGoBattleHelper\pokemongo-json-pokedex\lib\src\processing\pokemon\components\evolution\shared\getPokemonIdByEvolutionBranch.js
C:\Users\MLewis\Desktop\LaunchCode\CoderGirl 2020\Capstone Project\App-PoGoBattleHelper\PoGoBattleHelper\pokemongo-json-pokedex\lib\src\processing\pokemon\components\evolution\shared\getPokemonIdByEvolutionBranch.js.map
C:\Users\MLewis\Desktop\LaunchCode\CoderGirl 2020\Capstone Project\App-PoGoBattleHelper\PoGoBattleHelper\pokemongo-json-pokedex\lib\src\processing\pokemon\components\evolution\shared\getPokemonIdByEvolutionBranch.d.ts
C:\Users\MLewis\Desktop\LaunchCode\CoderGirl 2020\Capstone Project\App-PoGoBattleHelper\PoGoBattleHelper\pokemongo-json-pokedex\lib\src\processing\pokemon\components\evolution\shared\getEvolutionItemRequirement.js
C:\Users\MLewis\Desktop\LaunchCode\CoderGirl 2020\Capstone Project\App-PoGoBattleHelper\PoGoBattleHelper\pokemongo-json-pokedex\lib\src\processing\pokemon\components\evolution\shared\getEvolutionItemRequirement.js.map
C:\Users\MLewis\Desktop\LaunchCode\CoderGirl 2020\Capstone Project\App-PoGoBattleHelper\PoGoBattleHelper\pokemongo-json-pokedex\lib\src\processing\pokemon\components\evolution\shared\getEvolutionItemRequirement.d.ts
C:\Users\MLewis\Desktop\LaunchCode\CoderGirl 2020\Capstone Project\App-PoGoBattleHelper\PoGoBattleHelper\pokemongo-json-pokedex\lib\src\processing\pokemon\components\evolution\pastBranches.js
C:\Users\MLewis\Desktop\LaunchCode\CoderGirl 2020\Capstone Project\App-PoGoBattleHelper\PoGoBattleHelper\pokemongo-json-pokedex\lib\src\processing\pokemon\components\evolution\pastBranches.js.map
C:\Users\MLewis\Desktop\LaunchCode\CoderGirl 2020\Capstone Project\App-PoGoBattleHelper\PoGoBattleHelper\pokemongo-json-pokedex\lib\src\processing\pokemon\components\evolution\pastBranches.d.ts
C:\Users\MLewis\Desktop\LaunchCode\CoderGirl 2020\Capstone Project\App-PoGoBattleHelper\PoGoBattleHelper\pokemongo-json-pokedex\lib\src\processing\pokemon\components\evolution\futureBranches.js
C:\Users\MLewis\Desktop\LaunchCode\CoderGirl 2020\Capstone Project\App-PoGoBattleHelper\PoGoBattleHelper\pokemongo-json-pokedex\lib\src\processing\pokemon\components\evolution\futureBranches.js.map
C:\Users\MLewis\Desktop\LaunchCode\CoderGirl 2020\Capstone Project\App-PoGoBattleHelper\PoGoBattleHelper\pokemongo-json-pokedex\lib\src\processing\pokemon\components\evolution\futureBranches.d.ts
C:\Users\MLewis\Desktop\LaunchCode\CoderGirl 2020\Capstone Project\App-PoGoBattleHelper\PoGoBattleHelper\pokemongo-json-pokedex\lib\src\processing\pokemon\components\evolution\index.js
C:\Users\MLewis\Desktop\LaunchCode\CoderGirl 2020\Capstone Project\App-PoGoBattleHelper\PoGoBattleHelper\pokemongo-json-pokedex\lib\src\processing\pokemon\components\evolution\index.js.map
C:\Users\MLewis\Desktop\LaunchCode\CoderGirl 2020\Capstone Project\App-PoGoBattleHelper\PoGoBattleHelper\pokemongo-json-pokedex\lib\src\processing\pokemon\components\evolution\index.d.ts
C:\Users\MLewis\Desktop\LaunchCode\CoderGirl 2020\Capstone Project\App-PoGoBattleHelper\PoGoBattleHelper\pokemongo-json-pokedex\lib\src\processing\pokemon\components\explicit\farfetchd.js
C:\Users\MLewis\Desktop\LaunchCode\CoderGirl 2020\Capstone Project\App-PoGoBattleHelper\PoGoBattleHelper\pokemongo-json-pokedex\lib\src\processing\pokemon\components\explicit\farfetchd.js.map
C:\Users\MLewis\Desktop\LaunchCode\CoderGirl 2020\Capstone Project\App-PoGoBattleHelper\PoGoBattleHelper\pokemongo-json-pokedex\lib\src\processing\pokemon\components\explicit\farfetchd.d.ts
C:\Users\MLewis\Desktop\LaunchCode\CoderGirl 2020\Capstone Project\App-PoGoBattleHelper\PoGoBattleHelper\pokemongo-json-pokedex\lib\src\processing\pokemon\components\explicit\mrmime.js
C:\Users\MLewis\Desktop\LaunchCode\CoderGirl 2020\Capstone Project\App-PoGoBattleHelper\PoGoBattleHelper\pokemongo-json-pokedex\lib\src\processing\pokemon\components\explicit\mrmime.js.map
C:\Users\MLewis\Desktop\LaunchCode\CoderGirl 2020\Capstone Project\App-PoGoBattleHelper\PoGoBattleHelper\pokemongo-json-pokedex\lib\src\processing\pokemon\components\explicit\mrmime.d.ts
C:\Users\MLewis\Desktop\LaunchCode\CoderGirl 2020\Capstone Project\App-PoGoBattleHelper\PoGoBattleHelper\pokemongo-json-pokedex\lib\src\processing\pokemon\components\explicit\ho-oh.js
C:\Users\MLewis\Desktop\LaunchCode\CoderGirl 2020\Capstone Project\App-PoGoBattleHelper\PoGoBattleHelper\pokemongo-json-pokedex\lib\src\processing\pokemon\components\explicit\ho-oh.js.map
C:\Users\MLewis\Desktop\LaunchCode\CoderGirl 2020\Capstone Project\App-PoGoBattleHelper\PoGoBattleHelper\pokemongo-json-pokedex\lib\src\processing\pokemon\components\explicit\ho-oh.d.ts
C:\Users\MLewis\Desktop\LaunchCode\CoderGirl 2020\Capstone Project\App-PoGoBattleHelper\PoGoBattleHelper\pokemongo-json-pokedex\lib\src\processing\pokemon\components\explicit\index.js
C:\Users\MLewis\Desktop\LaunchCode\CoderGirl 2020\Capstone Project\App-PoGoBattleHelper\PoGoBattleHelper\pokemongo-json-pokedex\lib\src\processing\pokemon\components\explicit\index.js.map
C:\Users\MLewis\Desktop\LaunchCode\CoderGirl 2020\Capstone Project\App-PoGoBattleHelper\PoGoBattleHelper\pokemongo-json-pokedex\lib\src\processing\pokemon\components\explicit\index.d.ts
C:\Users\MLewis\Desktop\LaunchCode\CoderGirl 2020\Capstone Project\App-PoGoBattleHelper\PoGoBattleHelper\pokemongo-json-pokedex\lib\src\processing\pokemon\components\forms.js
C:\Users\MLewis\Desktop\LaunchCode\CoderGirl 2020\Capstone Project\App-PoGoBattleHelper\PoGoBattleHelper\pokemongo-json-pokedex\lib\src\processing\pokemon\components\forms.js.map
C:\Users\MLewis\Desktop\LaunchCode\CoderGirl 2020\Capstone Project\App-PoGoBattleHelper\PoGoBattleHelper\pokemongo-json-pokedex\lib\src\processing\pokemon\components\forms.d.ts
C:\Users\MLewis\Desktop\LaunchCode\CoderGirl 2020\Capstone Project\App-PoGoBattleHelper\PoGoBattleHelper\pokemongo-json-pokedex\lib\src\processing\pokemon\components\index.js
C:\Users\MLewis\Desktop\LaunchCode\CoderGirl 2020\Capstone Project\App-PoGoBattleHelper\PoGoBattleHelper\pokemongo-json-pokedex\lib\src\processing\pokemon\components\index.js.map
C:\Users\MLewis\Desktop\LaunchCode\CoderGirl 2020\Capstone Project\App-PoGoBattleHelper\PoGoBattleHelper\pokemongo-json-pokedex\lib\src\processing\pokemon\components\index.d.ts
C:\Users\MLewis\Desktop\LaunchCode\CoderGirl 2020\Capstone Project\App-PoGoBattleHelper\PoGoBattleHelper\pokemongo-json-pokedex\lib\src\core\pipeline\localePipeline.js
C:\Users\MLewis\Desktop\LaunchCode\CoderGirl 2020\Capstone Project\App-PoGoBattleHelper\PoGoBattleHelper\pokemongo-json-pokedex\lib\src\core\pipeline\localePipeline.js.map
C:\Users\MLewis\Desktop\LaunchCode\CoderGirl 2020\Capstone Project\App-PoGoBattleHelper\PoGoBattleHelper\pokemongo-json-pokedex\lib\src\core\pipeline\localePipeline.d.ts
C:\Users\MLewis\Desktop\LaunchCode\CoderGirl 2020\Capstone Project\App-PoGoBattleHelper\PoGoBattleHelper\pokemongo-json-pokedex\lib\src\processing\pokemon\locales\pokemonLocalesPipeline.js
C:\Users\MLewis\Desktop\LaunchCode\CoderGirl 2020\Capstone Project\App-PoGoBattleHelper\PoGoBattleHelper\pokemongo-json-pokedex\lib\src\processing\pokemon\locales\pokemonLocalesPipeline.js.map
C:\Users\MLewis\Desktop\LaunchCode\CoderGirl 2020\Capstone Project\App-PoGoBattleHelper\PoGoBattleHelper\pokemongo-json-pokedex\lib\src\processing\pokemon\locales\pokemonLocalesPipeline.d.ts
C:\Users\MLewis\Desktop\LaunchCode\CoderGirl 2020\Capstone Project\App-PoGoBattleHelper\PoGoBattleHelper\pokemongo-json-pokedex\lib\src\processing\pokemon\locales\index.js
C:\Users\MLewis\Desktop\LaunchCode\CoderGirl 2020\Capstone Project\App-PoGoBattleHelper\PoGoBattleHelper\pokemongo-json-pokedex\lib\src\processing\pokemon\locales\index.js.map
C:\Users\MLewis\Desktop\LaunchCode\CoderGirl 2020\Capstone Project\App-PoGoBattleHelper\PoGoBattleHelper\pokemongo-json-pokedex\lib\src\processing\pokemon\locales\index.d.ts
C:\Users\MLewis\Desktop\LaunchCode\CoderGirl 2020\Capstone Project\App-PoGoBattleHelper\PoGoBattleHelper\pokemongo-json-pokedex\lib\src\processing\pokemon\index.js
C:\Users\MLewis\Desktop\LaunchCode\CoderGirl 2020\Capstone Project\App-PoGoBattleHelper\PoGoBattleHelper\pokemongo-json-pokedex\lib\src\processing\pokemon\index.js.map
C:\Users\MLewis\Desktop\LaunchCode\CoderGirl 2020\Capstone Project\App-PoGoBattleHelper\PoGoBattleHelper\pokemongo-json-pokedex\lib\src\processing\pokemon\index.d.ts
C:\Users\MLewis\Desktop\LaunchCode\CoderGirl 2020\Capstone Project\App-PoGoBattleHelper\PoGoBattleHelper\pokemongo-json-pokedex\lib\src\processing\type\typePipeline.js
C:\Users\MLewis\Desktop\LaunchCode\CoderGirl 2020\Capstone Project\App-PoGoBattleHelper\PoGoBattleHelper\pokemongo-json-pokedex\lib\src\processing\type\typePipeline.js.map
C:\Users\MLewis\Desktop\LaunchCode\CoderGirl 2020\Capstone Project\App-PoGoBattleHelper\PoGoBattleHelper\pokemongo-json-pokedex\lib\src\processing\type\typePipeline.d.ts
C:\Users\MLewis\Desktop\LaunchCode\CoderGirl 2020\Capstone Project\App-PoGoBattleHelper\PoGoBattleHelper\pokemongo-json-pokedex\lib\src\processing\type\components\name.js
C:\Users\MLewis\Desktop\LaunchCode\CoderGirl 2020\Capstone Project\App-PoGoBattleHelper\PoGoBattleHelper\pokemongo-json-pokedex\lib\src\processing\type\components\name.js.map
C:\Users\MLewis\Desktop\LaunchCode\CoderGirl 2020\Capstone Project\App-PoGoBattleHelper\PoGoBattleHelper\pokemongo-json-pokedex\lib\src\processing\type\components\name.d.ts
C:\Users\MLewis\Desktop\LaunchCode\CoderGirl 2020\Capstone Project\App-PoGoBattleHelper\PoGoBattleHelper\pokemongo-json-pokedex\lib\src\processing\type\components\damage.js
C:\Users\MLewis\Desktop\LaunchCode\CoderGirl 2020\Capstone Project\App-PoGoBattleHelper\PoGoBattleHelper\pokemongo-json-pokedex\lib\src\processing\type\components\damage.js.map
C:\Users\MLewis\Desktop\LaunchCode\CoderGirl 2020\Capstone Project\App-PoGoBattleHelper\PoGoBattleHelper\pokemongo-json-pokedex\lib\src\processing\type\components\damage.d.ts
C:\Users\MLewis\Desktop\LaunchCode\CoderGirl 2020\Capstone Project\App-PoGoBattleHelper\PoGoBattleHelper\pokemongo-json-pokedex\lib\src\processing\type\components\index.js
C:\Users\MLewis\Desktop\LaunchCode\CoderGirl 2020\Capstone Project\App-PoGoBattleHelper\PoGoBattleHelper\pokemongo-json-pokedex\lib\src\processing\type\components\index.js.map
C:\Users\MLewis\Desktop\LaunchCode\CoderGirl 2020\Capstone Project\App-PoGoBattleHelper\PoGoBattleHelper\pokemongo-json-pokedex\lib\src\processing\type\components\index.d.ts
C:\Users\MLewis\Desktop\LaunchCode\CoderGirl 2020\Capstone Project\App-PoGoBattleHelper\PoGoBattleHelper\pokemongo-json-pokedex\lib\src\processing\type\index.js
C:\Users\MLewis\Desktop\LaunchCode\CoderGirl 2020\Capstone Project\App-PoGoBattleHelper\PoGoBattleHelper\pokemongo-json-pokedex\lib\src\processing\type\index.js.map
C:\Users\MLewis\Desktop\LaunchCode\CoderGirl 2020\Capstone Project\App-PoGoBattleHelper\PoGoBattleHelper\pokemongo-json-pokedex\lib\src\processing\type\index.d.ts
C:\Users\MLewis\Desktop\LaunchCode\CoderGirl 2020\Capstone Project\App-PoGoBattleHelper\PoGoBattleHelper\pokemongo-json-pokedex\lib\src\processing\item\itemPipeline.js
C:\Users\MLewis\Desktop\LaunchCode\CoderGirl 2020\Capstone Project\App-PoGoBattleHelper\PoGoBattleHelper\pokemongo-json-pokedex\lib\src\processing\item\itemPipeline.js.map
C:\Users\MLewis\Desktop\LaunchCode\CoderGirl 2020\Capstone Project\App-PoGoBattleHelper\PoGoBattleHelper\pokemongo-json-pokedex\lib\src\processing\item\itemPipeline.d.ts
C:\Users\MLewis\Desktop\LaunchCode\CoderGirl 2020\Capstone Project\App-PoGoBattleHelper\PoGoBattleHelper\pokemongo-json-pokedex\lib\src\outcome\item\item.js
C:\Users\MLewis\Desktop\LaunchCode\CoderGirl 2020\Capstone Project\App-PoGoBattleHelper\PoGoBattleHelper\pokemongo-json-pokedex\lib\src\outcome\item\item.js.map
C:\Users\MLewis\Desktop\LaunchCode\CoderGirl 2020\Capstone Project\App-PoGoBattleHelper\PoGoBattleHelper\pokemongo-json-pokedex\lib\src\outcome\item\item.d.ts
C:\Users\MLewis\Desktop\LaunchCode\CoderGirl 2020\Capstone Project\App-PoGoBattleHelper\PoGoBattleHelper\pokemongo-json-pokedex\lib\src\outcome\item\locales\itemLocales.js
C:\Users\MLewis\Desktop\LaunchCode\CoderGirl 2020\Capstone Project\App-PoGoBattleHelper\PoGoBattleHelper\pokemongo-json-pokedex\lib\src\outcome\item\locales\itemLocales.js.map
C:\Users\MLewis\Desktop\LaunchCode\CoderGirl 2020\Capstone Project\App-PoGoBattleHelper\PoGoBattleHelper\pokemongo-json-pokedex\lib\src\outcome\item\locales\itemLocales.d.ts
C:\Users\MLewis\Desktop\LaunchCode\CoderGirl 2020\Capstone Project\App-PoGoBattleHelper\PoGoBattleHelper\pokemongo-json-pokedex\lib\src\outcome\item\locales\index.js
C:\Users\MLewis\Desktop\LaunchCode\CoderGirl 2020\Capstone Project\App-PoGoBattleHelper\PoGoBattleHelper\pokemongo-json-pokedex\lib\src\outcome\item\locales\index.js.map
C:\Users\MLewis\Desktop\LaunchCode\CoderGirl 2020\Capstone Project\App-PoGoBattleHelper\PoGoBattleHelper\pokemongo-json-pokedex\lib\src\outcome\item\locales\index.d.ts
C:\Users\MLewis\Desktop\LaunchCode\CoderGirl 2020\Capstone Project\App-PoGoBattleHelper\PoGoBattleHelper\pokemongo-json-pokedex\lib\src\outcome\item\index.js
C:\Users\MLewis\Desktop\LaunchCode\CoderGirl 2020\Capstone Project\App-PoGoBattleHelper\PoGoBattleHelper\pokemongo-json-pokedex\lib\src\outcome\item\index.js.map
C:\Users\MLewis\Desktop\LaunchCode\CoderGirl 2020\Capstone Project\App-PoGoBattleHelper\PoGoBattleHelper\pokemongo-json-pokedex\lib\src\outcome\item\index.d.ts
C:\Users\MLewis\Desktop\LaunchCode\CoderGirl 2020\Capstone Project\App-PoGoBattleHelper\PoGoBattleHelper\pokemongo-json-pokedex\lib\src\processing\item\components\shared\getId.js
C:\Users\MLewis\Desktop\LaunchCode\CoderGirl 2020\Capstone Project\App-PoGoBattleHelper\PoGoBattleHelper\pokemongo-json-pokedex\lib\src\processing\item\components\shared\getId.js.map
C:\Users\MLewis\Desktop\LaunchCode\CoderGirl 2020\Capstone Project\App-PoGoBattleHelper\PoGoBattleHelper\pokemongo-json-pokedex\lib\src\processing\item\components\shared\getId.d.ts
C:\Users\MLewis\Desktop\LaunchCode\CoderGirl 2020\Capstone Project\App-PoGoBattleHelper\PoGoBattleHelper\pokemongo-json-pokedex\lib\src\processing\item\components\id.js
C:\Users\MLewis\Desktop\LaunchCode\CoderGirl 2020\Capstone Project\App-PoGoBattleHelper\PoGoBattleHelper\pokemongo-json-pokedex\lib\src\processing\item\components\id.js.map
C:\Users\MLewis\Desktop\LaunchCode\CoderGirl 2020\Capstone Project\App-PoGoBattleHelper\PoGoBattleHelper\pokemongo-json-pokedex\lib\src\processing\item\components\id.d.ts
C:\Users\MLewis\Desktop\LaunchCode\CoderGirl 2020\Capstone Project\App-PoGoBattleHelper\PoGoBattleHelper\pokemongo-json-pokedex\lib\src\processing\item\components\name.js
C:\Users\MLewis\Desktop\LaunchCode\CoderGirl 2020\Capstone Project\App-PoGoBattleHelper\PoGoBattleHelper\pokemongo-json-pokedex\lib\src\processing\item\components\name.js.map
C:\Users\MLewis\Desktop\LaunchCode\CoderGirl 2020\Capstone Project\App-PoGoBattleHelper\PoGoBattleHelper\pokemongo-json-pokedex\lib\src\processing\item\components\name.d.ts
C:\Users\MLewis\Desktop\LaunchCode\CoderGirl 2020\Capstone Project\App-PoGoBattleHelper\PoGoBattleHelper\pokemongo-json-pokedex\lib\src\processing\item\components\category.js
C:\Users\MLewis\Desktop\LaunchCode\CoderGirl 2020\Capstone Project\App-PoGoBattleHelper\PoGoBattleHelper\pokemongo-json-pokedex\lib\src\processing\item\components\category.js.map
C:\Users\MLewis\Desktop\LaunchCode\CoderGirl 2020\Capstone Project\App-PoGoBattleHelper\PoGoBattleHelper\pokemongo-json-pokedex\lib\src\processing\item\components\category.d.ts
C:\Users\MLewis\Desktop\LaunchCode\CoderGirl 2020\Capstone Project\App-PoGoBattleHelper\PoGoBattleHelper\pokemongo-json-pokedex\lib\src\processing\item\components\type.js
C:\Users\MLewis\Desktop\LaunchCode\CoderGirl 2020\Capstone Project\App-PoGoBattleHelper\PoGoBattleHelper\pokemongo-json-pokedex\lib\src\processing\item\components\type.js.map
C:\Users\MLewis\Desktop\LaunchCode\CoderGirl 2020\Capstone Project\App-PoGoBattleHelper\PoGoBattleHelper\pokemongo-json-pokedex\lib\src\processing\item\components\type.d.ts
C:\Users\MLewis\Desktop\LaunchCode\CoderGirl 2020\Capstone Project\App-PoGoBattleHelper\PoGoBattleHelper\pokemongo-json-pokedex\lib\src\processing\item\components\genericPropertyMapper.js
C:\Users\MLewis\Desktop\LaunchCode\CoderGirl 2020\Capstone Project\App-PoGoBattleHelper\PoGoBattleHelper\pokemongo-json-pokedex\lib\src\processing\item\components\genericPropertyMapper.js.map
C:\Users\MLewis\Desktop\LaunchCode\CoderGirl 2020\Capstone Project\App-PoGoBattleHelper\PoGoBattleHelper\pokemongo-json-pokedex\lib\src\processing\item\components\genericPropertyMapper.d.ts
C:\Users\MLewis\Desktop\LaunchCode\CoderGirl 2020\Capstone Project\App-PoGoBattleHelper\PoGoBattleHelper\pokemongo-json-pokedex\lib\src\processing\item\components\food\food.js
C:\Users\MLewis\Desktop\LaunchCode\CoderGirl 2020\Capstone Project\App-PoGoBattleHelper\PoGoBattleHelper\pokemongo-json-pokedex\lib\src\processing\item\components\food\food.js.map
C:\Users\MLewis\Desktop\LaunchCode\CoderGirl 2020\Capstone Project\App-PoGoBattleHelper\PoGoBattleHelper\pokemongo-json-pokedex\lib\src\processing\item\components\food\food.d.ts
C:\Users\MLewis\Desktop\LaunchCode\CoderGirl 2020\Capstone Project\App-PoGoBattleHelper\PoGoBattleHelper\pokemongo-json-pokedex\lib\src\processing\item\components\food\effect.js
C:\Users\MLewis\Desktop\LaunchCode\CoderGirl 2020\Capstone Project\App-PoGoBattleHelper\PoGoBattleHelper\pokemongo-json-pokedex\lib\src\processing\item\components\food\effect.js.map
C:\Users\MLewis\Desktop\LaunchCode\CoderGirl 2020\Capstone Project\App-PoGoBattleHelper\PoGoBattleHelper\pokemongo-json-pokedex\lib\src\processing\item\components\food\effect.d.ts
C:\Users\MLewis\Desktop\LaunchCode\CoderGirl 2020\Capstone Project\App-PoGoBattleHelper\PoGoBattleHelper\pokemongo-json-pokedex\lib\src\processing\item\components\food\growthPercent.js
C:\Users\MLewis\Desktop\LaunchCode\CoderGirl 2020\Capstone Project\App-PoGoBattleHelper\PoGoBattleHelper\pokemongo-json-pokedex\lib\src\processing\item\components\food\growthPercent.js.map
C:\Users\MLewis\Desktop\LaunchCode\CoderGirl 2020\Capstone Project\App-PoGoBattleHelper\PoGoBattleHelper\pokemongo-json-pokedex\lib\src\processing\item\components\food\growthPercent.d.ts
C:\Users\MLewis\Desktop\LaunchCode\CoderGirl 2020\Capstone Project\App-PoGoBattleHelper\PoGoBattleHelper\pokemongo-json-pokedex\lib\src\processing\item\components\food\index.js
C:\Users\MLewis\Desktop\LaunchCode\CoderGirl 2020\Capstone Project\App-PoGoBattleHelper\PoGoBattleHelper\pokemongo-json-pokedex\lib\src\processing\item\components\food\index.js.map
C:\Users\MLewis\Desktop\LaunchCode\CoderGirl 2020\Capstone Project\App-PoGoBattleHelper\PoGoBattleHelper\pokemongo-json-pokedex\lib\src\processing\item\components\food\index.d.ts
C:\Users\MLewis\Desktop\LaunchCode\CoderGirl 2020\Capstone Project\App-PoGoBattleHelper\PoGoBattleHelper\pokemongo-json-pokedex\lib\src\processing\item\components\potion\potion.js
C:\Users\MLewis\Desktop\LaunchCode\CoderGirl 2020\Capstone Project\App-PoGoBattleHelper\PoGoBattleHelper\pokemongo-json-pokedex\lib\src\processing\item\components\potion\potion.js.map
C:\Users\MLewis\Desktop\LaunchCode\CoderGirl 2020\Capstone Project\App-PoGoBattleHelper\PoGoBattleHelper\pokemongo-json-pokedex\lib\src\processing\item\components\potion\potion.d.ts
C:\Users\MLewis\Desktop\LaunchCode\CoderGirl 2020\Capstone Project\App-PoGoBattleHelper\PoGoBattleHelper\pokemongo-json-pokedex\lib\src\processing\item\components\potion\stamina.js
C:\Users\MLewis\Desktop\LaunchCode\CoderGirl 2020\Capstone Project\App-PoGoBattleHelper\PoGoBattleHelper\pokemongo-json-pokedex\lib\src\processing\item\components\potion\stamina.js.map
C:\Users\MLewis\Desktop\LaunchCode\CoderGirl 2020\Capstone Project\App-PoGoBattleHelper\PoGoBattleHelper\pokemongo-json-pokedex\lib\src\processing\item\components\potion\stamina.d.ts
C:\Users\MLewis\Desktop\LaunchCode\CoderGirl 2020\Capstone Project\App-PoGoBattleHelper\PoGoBattleHelper\pokemongo-json-pokedex\lib\src\processing\item\components\potion\index.js
C:\Users\MLewis\Desktop\LaunchCode\CoderGirl 2020\Capstone Project\App-PoGoBattleHelper\PoGoBattleHelper\pokemongo-json-pokedex\lib\src\processing\item\components\potion\index.js.map
C:\Users\MLewis\Desktop\LaunchCode\CoderGirl 2020\Capstone Project\App-PoGoBattleHelper\PoGoBattleHelper\pokemongo-json-pokedex\lib\src\processing\item\components\potion\index.d.ts
C:\Users\MLewis\Desktop\LaunchCode\CoderGirl 2020\Capstone Project\App-PoGoBattleHelper\PoGoBattleHelper\pokemongo-json-pokedex\lib\src\processing\item\components\revive\revive.js
C:\Users\MLewis\Desktop\LaunchCode\CoderGirl 2020\Capstone Project\App-PoGoBattleHelper\PoGoBattleHelper\pokemongo-json-pokedex\lib\src\processing\item\components\revive\revive.js.map
C:\Users\MLewis\Desktop\LaunchCode\CoderGirl 2020\Capstone Project\App-PoGoBattleHelper\PoGoBattleHelper\pokemongo-json-pokedex\lib\src\processing\item\components\revive\revive.d.ts
C:\Users\MLewis\Desktop\LaunchCode\CoderGirl 2020\Capstone Project\App-PoGoBattleHelper\PoGoBattleHelper\pokemongo-json-pokedex\lib\src\processing\item\components\revive\index.js
C:\Users\MLewis\Desktop\LaunchCode\CoderGirl 2020\Capstone Project\App-PoGoBattleHelper\PoGoBattleHelper\pokemongo-json-pokedex\lib\src\processing\item\components\revive\index.js.map
C:\Users\MLewis\Desktop\LaunchCode\CoderGirl 2020\Capstone Project\App-PoGoBattleHelper\PoGoBattleHelper\pokemongo-json-pokedex\lib\src\processing\item\components\revive\index.d.ts
C:\Users\MLewis\Desktop\LaunchCode\CoderGirl 2020\Capstone Project\App-PoGoBattleHelper\PoGoBattleHelper\pokemongo-json-pokedex\lib\src\processing\item\components\eggIncubinator\eggIncubinator.js
C:\Users\MLewis\Desktop\LaunchCode\CoderGirl 2020\Capstone Project\App-PoGoBattleHelper\PoGoBattleHelper\pokemongo-json-pokedex\lib\src\processing\item\components\eggIncubinator\eggIncubinator.js.map
C:\Users\MLewis\Desktop\LaunchCode\CoderGirl 2020\Capstone Project\App-PoGoBattleHelper\PoGoBattleHelper\pokemongo-json-pokedex\lib\src\processing\item\components\eggIncubinator\eggIncubinator.d.ts
C:\Users\MLewis\Desktop\LaunchCode\CoderGirl 2020\Capstone Project\App-PoGoBattleHelper\PoGoBattleHelper\pokemongo-json-pokedex\lib\src\processing\item\components\eggIncubinator\type.js
C:\Users\MLewis\Desktop\LaunchCode\CoderGirl 2020\Capstone Project\App-PoGoBattleHelper\PoGoBattleHelper\pokemongo-json-pokedex\lib\src\processing\item\components\eggIncubinator\type.js.map
C:\Users\MLewis\Desktop\LaunchCode\CoderGirl 2020\Capstone Project\App-PoGoBattleHelper\PoGoBattleHelper\pokemongo-json-pokedex\lib\src\processing\item\components\eggIncubinator\type.d.ts
C:\Users\MLewis\Desktop\LaunchCode\CoderGirl 2020\Capstone Project\App-PoGoBattleHelper\PoGoBattleHelper\pokemongo-json-pokedex\lib\src\processing\item\components\eggIncubinator\index.js
C:\Users\MLewis\Desktop\LaunchCode\CoderGirl 2020\Capstone Project\App-PoGoBattleHelper\PoGoBattleHelper\pokemongo-json-pokedex\lib\src\processing\item\components\eggIncubinator\index.js.map
C:\Users\MLewis\Desktop\LaunchCode\CoderGirl 2020\Capstone Project\App-PoGoBattleHelper\PoGoBattleHelper\pokemongo-json-pokedex\lib\src\processing\item\components\eggIncubinator\index.d.ts
C:\Users\MLewis\Desktop\LaunchCode\CoderGirl 2020\Capstone Project\App-PoGoBattleHelper\PoGoBattleHelper\pokemongo-json-pokedex\lib\src\processing\item\components\inventoryUpgrade\inventoryUpgrade.js
C:\Users\MLewis\Desktop\LaunchCode\CoderGirl 2020\Capstone Project\App-PoGoBattleHelper\PoGoBattleHelper\pokemongo-json-pokedex\lib\src\processing\item\components\inventoryUpgrade\inventoryUpgrade.js.map
C:\Users\MLewis\Desktop\LaunchCode\CoderGirl 2020\Capstone Project\App-PoGoBattleHelper\PoGoBattleHelper\pokemongo-json-pokedex\lib\src\processing\item\components\inventoryUpgrade\inventoryUpgrade.d.ts
C:\Users\MLewis\Desktop\LaunchCode\CoderGirl 2020\Capstone Project\App-PoGoBattleHelper\PoGoBattleHelper\pokemongo-json-pokedex\lib\src\processing\item\components\inventoryUpgrade\type.js
C:\Users\MLewis\Desktop\LaunchCode\CoderGirl 2020\Capstone Project\App-PoGoBattleHelper\PoGoBattleHelper\pokemongo-json-pokedex\lib\src\processing\item\components\inventoryUpgrade\type.js.map
C:\Users\MLewis\Desktop\LaunchCode\CoderGirl 2020\Capstone Project\App-PoGoBattleHelper\PoGoBattleHelper\pokemongo-json-pokedex\lib\src\processing\item\components\inventoryUpgrade\type.d.ts
C:\Users\MLewis\Desktop\LaunchCode\CoderGirl 2020\Capstone Project\App-PoGoBattleHelper\PoGoBattleHelper\pokemongo-json-pokedex\lib\src\processing\item\components\inventoryUpgrade\index.js
C:\Users\MLewis\Desktop\LaunchCode\CoderGirl 2020\Capstone Project\App-PoGoBattleHelper\PoGoBattleHelper\pokemongo-json-pokedex\lib\src\processing\item\components\inventoryUpgrade\index.js.map
C:\Users\MLewis\Desktop\LaunchCode\CoderGirl 2020\Capstone Project\App-PoGoBattleHelper\PoGoBattleHelper\pokemongo-json-pokedex\lib\src\processing\item\components\inventoryUpgrade\index.d.ts
C:\Users\MLewis\Desktop\LaunchCode\CoderGirl 2020\Capstone Project\App-PoGoBattleHelper\PoGoBattleHelper\pokemongo-json-pokedex\lib\src\processing\item\components\xpBoost\xpBoost.js
C:\Users\MLewis\Desktop\LaunchCode\CoderGirl 2020\Capstone Project\App-PoGoBattleHelper\PoGoBattleHelper\pokemongo-json-pokedex\lib\src\processing\item\components\xpBoost\xpBoost.js.map
C:\Users\MLewis\Desktop\LaunchCode\CoderGirl 2020\Capstone Project\App-PoGoBattleHelper\PoGoBattleHelper\pokemongo-json-pokedex\lib\src\processing\item\components\xpBoost\xpBoost.d.ts
C:\Users\MLewis\Desktop\LaunchCode\CoderGirl 2020\Capstone Project\App-PoGoBattleHelper\PoGoBattleHelper\pokemongo-json-pokedex\lib\src\processing\item\components\xpBoost\index.js
C:\Users\MLewis\Desktop\LaunchCode\CoderGirl 2020\Capstone Project\App-PoGoBattleHelper\PoGoBattleHelper\pokemongo-json-pokedex\lib\src\processing\item\components\xpBoost\index.js.map
C:\Users\MLewis\Desktop\LaunchCode\CoderGirl 2020\Capstone Project\App-PoGoBattleHelper\PoGoBattleHelper\pokemongo-json-pokedex\lib\src\processing\item\components\xpBoost\index.d.ts
C:\Users\MLewis\Desktop\LaunchCode\CoderGirl 2020\Capstone Project\App-PoGoBattleHelper\PoGoBattleHelper\pokemongo-json-pokedex\lib\src\processing\item\components\index.js
C:\Users\MLewis\Desktop\LaunchCode\CoderGirl 2020\Capstone Project\App-PoGoBattleHelper\PoGoBattleHelper\pokemongo-json-pokedex\lib\src\processing\item\components\index.js.map
C:\Users\MLewis\Desktop\LaunchCode\CoderGirl 2020\Capstone Project\App-PoGoBattleHelper\PoGoBattleHelper\pokemongo-json-pokedex\lib\src\processing\item\components\index.d.ts
C:\Users\MLewis\Desktop\LaunchCode\CoderGirl 2020\Capstone Project\App-PoGoBattleHelper\PoGoBattleHelper\pokemongo-json-pokedex\lib\src\processing\item\index.js
C:\Users\MLewis\Desktop\LaunchCode\CoderGirl 2020\Capstone Project\App-PoGoBattleHelper\PoGoBattleHelper\pokemongo-json-pokedex\lib\src\processing\item\index.js.map
C:\Users\MLewis\Desktop\LaunchCode\CoderGirl 2020\Capstone Project\App-PoGoBattleHelper\PoGoBattleHelper\pokemongo-json-pokedex\lib\src\processing\item\index.d.ts
C:\Users\MLewis\Desktop\LaunchCode\CoderGirl 2020\Capstone Project\App-PoGoBattleHelper\PoGoBattleHelper\pokemongo-json-pokedex\lib\src\processing\move\locales\moveLocalesPipeline.js
C:\Users\MLewis\Desktop\LaunchCode\CoderGirl 2020\Capstone Project\App-PoGoBattleHelper\PoGoBattleHelper\pokemongo-json-pokedex\lib\src\processing\move\locales\moveLocalesPipeline.js.map
C:\Users\MLewis\Desktop\LaunchCode\CoderGirl 2020\Capstone Project\App-PoGoBattleHelper\PoGoBattleHelper\pokemongo-json-pokedex\lib\src\processing\move\locales\moveLocalesPipeline.d.ts
C:\Users\MLewis\Desktop\LaunchCode\CoderGirl 2020\Capstone Project\App-PoGoBattleHelper\PoGoBattleHelper\pokemongo-json-pokedex\lib\src\processing\item\locales\itemLocalesPipeline.js
C:\Users\MLewis\Desktop\LaunchCode\CoderGirl 2020\Capstone Project\App-PoGoBattleHelper\PoGoBattleHelper\pokemongo-json-pokedex\lib\src\processing\item\locales\itemLocalesPipeline.js.map
C:\Users\MLewis\Desktop\LaunchCode\CoderGirl 2020\Capstone Project\App-PoGoBattleHelper\PoGoBattleHelper\pokemongo-json-pokedex\lib\src\processing\item\locales\itemLocalesPipeline.d.ts
C:\Users\MLewis\Desktop\LaunchCode\CoderGirl 2020\Capstone Project\App-PoGoBattleHelper\PoGoBattleHelper\pokemongo-json-pokedex\lib\src\processing\avatarCustomization\locales\avatarCustomizationLocalesPipeline.js
C:\Users\MLewis\Desktop\LaunchCode\CoderGirl 2020\Capstone Project\App-PoGoBattleHelper\PoGoBattleHelper\pokemongo-json-pokedex\lib\src\processing\avatarCustomization\locales\avatarCustomizationLocalesPipeline.js.map
C:\Users\MLewis\Desktop\LaunchCode\CoderGirl 2020\Capstone Project\App-PoGoBattleHelper\PoGoBattleHelper\pokemongo-json-pokedex\lib\src\processing\avatarCustomization\locales\avatarCustomizationLocalesPipeline.d.ts
C:\Users\MLewis\Desktop\LaunchCode\CoderGirl 2020\Capstone Project\App-PoGoBattleHelper\PoGoBattleHelper\pokemongo-json-pokedex\lib\src\processing\avatarCustomization\locales\index.js
C:\Users\MLewis\Desktop\LaunchCode\CoderGirl 2020\Capstone Project\App-PoGoBattleHelper\PoGoBattleHelper\pokemongo-json-pokedex\lib\src\processing\avatarCustomization\locales\index.js.map
C:\Users\MLewis\Desktop\LaunchCode\CoderGirl 2020\Capstone Project\App-PoGoBattleHelper\PoGoBattleHelper\pokemongo-json-pokedex\lib\src\processing\avatarCustomization\locales\index.d.ts
C:\Users\MLewis\Desktop\LaunchCode\CoderGirl 2020\Capstone Project\App-PoGoBattleHelper\PoGoBattleHelper\pokemongo-json-pokedex\lib\src\app.js
C:\Users\MLewis\Desktop\LaunchCode\CoderGirl 2020\Capstone Project\App-PoGoBattleHelper\PoGoBattleHelper\pokemongo-json-pokedex\lib\src\app.js.map
C:\Users\MLewis\Desktop\LaunchCode\CoderGirl 2020\Capstone Project\App-PoGoBattleHelper\PoGoBattleHelper\pokemongo-json-pokedex\lib\src\app.d.ts
C:\Users\MLewis\Desktop\LaunchCode\CoderGirl 2020\Capstone Project\App-PoGoBattleHelper\PoGoBattleHelper\pokemongo-json-pokedex\lib\src\index.js
C:\Users\MLewis\Desktop\LaunchCode\CoderGirl 2020\Capstone Project\App-PoGoBattleHelper\PoGoBattleHelper\pokemongo-json-pokedex\lib\src\index.js.map
C:\Users\MLewis\Desktop\LaunchCode\CoderGirl 2020\Capstone Project\App-PoGoBattleHelper\PoGoBattleHelper\pokemongo-json-pokedex\lib\src\index.d.ts
C:\Users\MLewis\Desktop\LaunchCode\CoderGirl 2020\Capstone Project\App-PoGoBattleHelper\PoGoBattleHelper\pokemongo-json-pokedex\lib\src\processing\index.js
C:\Users\MLewis\Desktop\LaunchCode\CoderGirl 2020\Capstone Project\App-PoGoBattleHelper\PoGoBattleHelper\pokemongo-json-pokedex\lib\src\processing\index.js.map
C:\Users\MLewis\Desktop\LaunchCode\CoderGirl 2020\Capstone Project\App-PoGoBattleHelper\PoGoBattleHelper\pokemongo-json-pokedex\lib\src\processing\index.d.ts
C:\Users\MLewis\Desktop\LaunchCode\CoderGirl 2020\Capstone Project\App-PoGoBattleHelper\PoGoBattleHelper\pokemongo-json-pokedex\lib\src\processing\item\components\stardustBoost\stardustBoost.js
C:\Users\MLewis\Desktop\LaunchCode\CoderGirl 2020\Capstone Project\App-PoGoBattleHelper\PoGoBattleHelper\pokemongo-json-pokedex\lib\src\processing\item\components\stardustBoost\stardustBoost.js.map
C:\Users\MLewis\Desktop\LaunchCode\CoderGirl 2020\Capstone Project\App-PoGoBattleHelper\PoGoBattleHelper\pokemongo-json-pokedex\lib\src\processing\item\components\stardustBoost\stardustBoost.d.ts
C:\Users\MLewis\Desktop\LaunchCode\CoderGirl 2020\Capstone Project\App-PoGoBattleHelper\PoGoBattleHelper\pokemongo-json-pokedex\lib\src\processing\item\components\stardustBoost\index.js
C:\Users\MLewis\Desktop\LaunchCode\CoderGirl 2020\Capstone Project\App-PoGoBattleHelper\PoGoBattleHelper\pokemongo-json-pokedex\lib\src\processing\item\components\stardustBoost\index.js.map
C:\Users\MLewis\Desktop\LaunchCode\CoderGirl 2020\Capstone Project\App-PoGoBattleHelper\PoGoBattleHelper\pokemongo-json-pokedex\lib\src\processing\item\components\stardustBoost\index.d.ts
C:\Users\MLewis\Desktop\LaunchCode\CoderGirl 2020\Capstone Project\App-PoGoBattleHelper\PoGoBattleHelper\pokemongo-json-pokedex\lib\test\locales\pokemon.js
C:\Users\MLewis\Desktop\LaunchCode\CoderGirl 2020\Capstone Project\App-PoGoBattleHelper\PoGoBattleHelper\pokemongo-json-pokedex\lib\test\locales\pokemon.js.map
C:\Users\MLewis\Desktop\LaunchCode\CoderGirl 2020\Capstone Project\App-PoGoBattleHelper\PoGoBattleHelper\pokemongo-json-pokedex\lib\test\locales\pokemon.d.ts
